<?xml version="1.0" encoding="UTF-8"?>
<!-- Generated by org.testng.reporters.JUnitXMLReporter -->
<testsuite ignored="0" hostname="PUNITP346606L" failures="0" tests="3" name="Default test" time="12.065" errors="0" timestamp="2020-11-02T23:50:40 IST">
  <testcase classname="Selenium.Parameterization" name="testMethod" time="0.01"/>
  <testcase classname="Selenium.Parameterization" name="testMethod" time="0.004"/>
  <testcase classname="Selenium.Parameterization" name="testMethod" time="0.004"/>
</testsuite> <!-- Default test -->
