<?xml version="1.0" encoding="UTF-8"?>
<testng-results ignored="0" total="3" passed="3" failed="0" skipped="0">
  <reporter-output>
  </reporter-output>
  <suite started-at="2020-11-02T23:50:28 IST" name="Default suite" finished-at="2020-11-02T23:50:40 IST" duration-ms="12065">
    <groups>
    </groups>
    <test started-at="2020-11-02T23:50:28 IST" name="Default test" finished-at="2020-11-02T23:50:40 IST" duration-ms="12065">
      <class name="Selenium.Parameterization">
        <test-method is-config="true" signature="setup()[pri:0, instance:Selenium.Parameterization@537f60bf]" started-at="2020-11-02T23:50:28 IST" name="setup" finished-at="2020-11-02T23:50:39 IST" duration-ms="11026" status="PASS">
          <reporter-output>
          </reporter-output>
        </test-method> <!-- setup -->
        <test-method signature="testMethod(java.lang.String, java.lang.String)[pri:0, instance:Selenium.Parameterization@537f60bf]" started-at="2020-11-02T23:50:39 IST" name="testMethod" data-provider="SearchProvider" finished-at="2020-11-02T23:50:39 IST" duration-ms="10" status="PASS">
          <params>
            <param index="0">
              <value>
                <![CDATA[Serena]]>
              </value>
            </param>
            <param index="1">
              <value>
                <![CDATA[SK123]]>
              </value>
            </param>
          </params>
          <reporter-output>
          </reporter-output>
        </test-method> <!-- testMethod -->
        <test-method signature="testMethod(java.lang.String, java.lang.String)[pri:0, instance:Selenium.Parameterization@537f60bf]" started-at="2020-11-02T23:50:39 IST" name="testMethod" data-provider="SearchProvider" finished-at="2020-11-02T23:50:39 IST" duration-ms="4" status="PASS">
          <params>
            <param index="0">
              <value>
                <![CDATA[Mahesh]]>
              </value>
            </param>
            <param index="1">
              <value>
                <![CDATA[MK123]]>
              </value>
            </param>
          </params>
          <reporter-output>
          </reporter-output>
        </test-method> <!-- testMethod -->
        <test-method signature="testMethod(java.lang.String, java.lang.String)[pri:0, instance:Selenium.Parameterization@537f60bf]" started-at="2020-11-02T23:50:39 IST" name="testMethod" data-provider="SearchProvider" finished-at="2020-11-02T23:50:39 IST" duration-ms="4" status="PASS">
          <params>
            <param index="0">
              <value>
                <![CDATA[Lionel]]>
              </value>
            </param>
            <param index="1">
              <value>
                <![CDATA[LK123]]>
              </value>
            </param>
          </params>
          <reporter-output>
          </reporter-output>
        </test-method> <!-- testMethod -->
        <test-method is-config="true" signature="tearDown()[pri:0, instance:Selenium.Parameterization@537f60bf]" started-at="2020-11-02T23:50:39 IST" name="tearDown" finished-at="2020-11-02T23:50:40 IST" duration-ms="934" status="PASS">
          <reporter-output>
          </reporter-output>
        </test-method> <!-- tearDown -->
      </class> <!-- Selenium.Parameterization -->
    </test> <!-- Default test -->
  </suite> <!-- Default suite -->
</testng-results>
